 
****************************************
check_design summary:
Version:     R-2020.09-SP5
Date:        Sat Jan 15 02:23:19 2022
****************************************

                   Name                                            Total
--------------------------------------------------------------------------------
Cells                                                             195
    Cells do not drive (LINT-1)                                   195
--------------------------------------------------------------------------------

Warning: In design 'denoise_BIT_WIDTH8', cell 'B_0' does not drive any nets. (LINT-1)
Warning: In design 'hog_counter', cell 'C109' does not drive any nets. (LINT-1)
Warning: In design 'hog_counter', cell 'C110' does not drive any nets. (LINT-1)
Warning: In design 'median_mydesign_95', cell 'B_3' does not drive any nets. (LINT-1)
Warning: In design 'median_mydesign_95', cell 'C94' does not drive any nets. (LINT-1)
Warning: In design 'median_mydesign_0', cell 'B_3' does not drive any nets. (LINT-1)
Warning: In design 'median_mydesign_0', cell 'C94' does not drive any nets. (LINT-1)
Warning: In design 'median_mydesign_1', cell 'B_3' does not drive any nets. (LINT-1)
Warning: In design 'median_mydesign_1', cell 'C94' does not drive any nets. (LINT-1)
Warning: In design 'median_mydesign_2', cell 'B_3' does not drive any nets. (LINT-1)
Warning: In design 'median_mydesign_2', cell 'C94' does not drive any nets. (LINT-1)
Warning: In design 'median_mydesign_3', cell 'B_3' does not drive any nets. (LINT-1)
Warning: In design 'median_mydesign_3', cell 'C94' does not drive any nets. (LINT-1)
Warning: In design 'median_mydesign_4', cell 'B_3' does not drive any nets. (LINT-1)
Warning: In design 'median_mydesign_4', cell 'C94' does not drive any nets. (LINT-1)
Warning: In design 'median_mydesign_5', cell 'B_3' does not drive any nets. (LINT-1)
Warning: In design 'median_mydesign_5', cell 'C94' does not drive any nets. (LINT-1)
Warning: In design 'median_mydesign_6', cell 'B_3' does not drive any nets. (LINT-1)
Warning: In design 'median_mydesign_6', cell 'C94' does not drive any nets. (LINT-1)
Warning: In design 'median_mydesign_7', cell 'B_3' does not drive any nets. (LINT-1)
Warning: In design 'median_mydesign_7', cell 'C94' does not drive any nets. (LINT-1)
Warning: In design 'median_mydesign_8', cell 'B_3' does not drive any nets. (LINT-1)
Warning: In design 'median_mydesign_8', cell 'C94' does not drive any nets. (LINT-1)
Warning: In design 'median_mydesign_9', cell 'B_3' does not drive any nets. (LINT-1)
Warning: In design 'median_mydesign_9', cell 'C94' does not drive any nets. (LINT-1)
Warning: In design 'median_mydesign_10', cell 'B_3' does not drive any nets. (LINT-1)
Warning: In design 'median_mydesign_10', cell 'C94' does not drive any nets. (LINT-1)
Warning: In design 'median_mydesign_11', cell 'B_3' does not drive any nets. (LINT-1)
Warning: In design 'median_mydesign_11', cell 'C94' does not drive any nets. (LINT-1)
Warning: In design 'median_mydesign_12', cell 'B_3' does not drive any nets. (LINT-1)
Warning: In design 'median_mydesign_12', cell 'C94' does not drive any nets. (LINT-1)
Warning: In design 'median_mydesign_13', cell 'B_3' does not drive any nets. (LINT-1)
Warning: In design 'median_mydesign_13', cell 'C94' does not drive any nets. (LINT-1)
Warning: In design 'median_mydesign_14', cell 'B_3' does not drive any nets. (LINT-1)
Warning: In design 'median_mydesign_14', cell 'C94' does not drive any nets. (LINT-1)
Warning: In design 'median_mydesign_15', cell 'B_3' does not drive any nets. (LINT-1)
Warning: In design 'median_mydesign_15', cell 'C94' does not drive any nets. (LINT-1)
Warning: In design 'median_mydesign_16', cell 'B_3' does not drive any nets. (LINT-1)
Warning: In design 'median_mydesign_16', cell 'C94' does not drive any nets. (LINT-1)
Warning: In design 'median_mydesign_17', cell 'B_3' does not drive any nets. (LINT-1)
Warning: In design 'median_mydesign_17', cell 'C94' does not drive any nets. (LINT-1)
Warning: In design 'median_mydesign_18', cell 'B_3' does not drive any nets. (LINT-1)
Warning: In design 'median_mydesign_18', cell 'C94' does not drive any nets. (LINT-1)
Warning: In design 'median_mydesign_19', cell 'B_3' does not drive any nets. (LINT-1)
Warning: In design 'median_mydesign_19', cell 'C94' does not drive any nets. (LINT-1)
Warning: In design 'median_mydesign_20', cell 'B_3' does not drive any nets. (LINT-1)
Warning: In design 'median_mydesign_20', cell 'C94' does not drive any nets. (LINT-1)
Warning: In design 'median_mydesign_21', cell 'B_3' does not drive any nets. (LINT-1)
Warning: In design 'median_mydesign_21', cell 'C94' does not drive any nets. (LINT-1)
Warning: In design 'median_mydesign_22', cell 'B_3' does not drive any nets. (LINT-1)
Warning: In design 'median_mydesign_22', cell 'C94' does not drive any nets. (LINT-1)
Warning: In design 'median_mydesign_23', cell 'B_3' does not drive any nets. (LINT-1)
Warning: In design 'median_mydesign_23', cell 'C94' does not drive any nets. (LINT-1)
Warning: In design 'median_mydesign_24', cell 'B_3' does not drive any nets. (LINT-1)
Warning: In design 'median_mydesign_24', cell 'C94' does not drive any nets. (LINT-1)
Warning: In design 'median_mydesign_25', cell 'B_3' does not drive any nets. (LINT-1)
Warning: In design 'median_mydesign_25', cell 'C94' does not drive any nets. (LINT-1)
Warning: In design 'median_mydesign_26', cell 'B_3' does not drive any nets. (LINT-1)
Warning: In design 'median_mydesign_26', cell 'C94' does not drive any nets. (LINT-1)
Warning: In design 'median_mydesign_27', cell 'B_3' does not drive any nets. (LINT-1)
Warning: In design 'median_mydesign_27', cell 'C94' does not drive any nets. (LINT-1)
Warning: In design 'median_mydesign_28', cell 'B_3' does not drive any nets. (LINT-1)
Warning: In design 'median_mydesign_28', cell 'C94' does not drive any nets. (LINT-1)
Warning: In design 'median_mydesign_29', cell 'B_3' does not drive any nets. (LINT-1)
Warning: In design 'median_mydesign_29', cell 'C94' does not drive any nets. (LINT-1)
Warning: In design 'median_mydesign_30', cell 'B_3' does not drive any nets. (LINT-1)
Warning: In design 'median_mydesign_30', cell 'C94' does not drive any nets. (LINT-1)
Warning: In design 'median_mydesign_31', cell 'B_3' does not drive any nets. (LINT-1)
Warning: In design 'median_mydesign_31', cell 'C94' does not drive any nets. (LINT-1)
Warning: In design 'median_mydesign_32', cell 'B_3' does not drive any nets. (LINT-1)
Warning: In design 'median_mydesign_32', cell 'C94' does not drive any nets. (LINT-1)
Warning: In design 'median_mydesign_33', cell 'B_3' does not drive any nets. (LINT-1)
Warning: In design 'median_mydesign_33', cell 'C94' does not drive any nets. (LINT-1)
Warning: In design 'median_mydesign_34', cell 'B_3' does not drive any nets. (LINT-1)
Warning: In design 'median_mydesign_34', cell 'C94' does not drive any nets. (LINT-1)
Warning: In design 'median_mydesign_35', cell 'B_3' does not drive any nets. (LINT-1)
Warning: In design 'median_mydesign_35', cell 'C94' does not drive any nets. (LINT-1)
Warning: In design 'median_mydesign_36', cell 'B_3' does not drive any nets. (LINT-1)
Warning: In design 'median_mydesign_36', cell 'C94' does not drive any nets. (LINT-1)
Warning: In design 'median_mydesign_37', cell 'B_3' does not drive any nets. (LINT-1)
Warning: In design 'median_mydesign_37', cell 'C94' does not drive any nets. (LINT-1)
Warning: In design 'median_mydesign_38', cell 'B_3' does not drive any nets. (LINT-1)
Warning: In design 'median_mydesign_38', cell 'C94' does not drive any nets. (LINT-1)
Warning: In design 'median_mydesign_39', cell 'B_3' does not drive any nets. (LINT-1)
Warning: In design 'median_mydesign_39', cell 'C94' does not drive any nets. (LINT-1)
Warning: In design 'median_mydesign_40', cell 'B_3' does not drive any nets. (LINT-1)
Warning: In design 'median_mydesign_40', cell 'C94' does not drive any nets. (LINT-1)
Warning: In design 'median_mydesign_41', cell 'B_3' does not drive any nets. (LINT-1)
Warning: In design 'median_mydesign_41', cell 'C94' does not drive any nets. (LINT-1)
Warning: In design 'median_mydesign_42', cell 'B_3' does not drive any nets. (LINT-1)
Warning: In design 'median_mydesign_42', cell 'C94' does not drive any nets. (LINT-1)
Warning: In design 'median_mydesign_43', cell 'B_3' does not drive any nets. (LINT-1)
Warning: In design 'median_mydesign_43', cell 'C94' does not drive any nets. (LINT-1)
Warning: In design 'median_mydesign_44', cell 'B_3' does not drive any nets. (LINT-1)
Warning: In design 'median_mydesign_44', cell 'C94' does not drive any nets. (LINT-1)
Warning: In design 'median_mydesign_45', cell 'B_3' does not drive any nets. (LINT-1)
Warning: In design 'median_mydesign_45', cell 'C94' does not drive any nets. (LINT-1)
Warning: In design 'median_mydesign_46', cell 'B_3' does not drive any nets. (LINT-1)
Warning: In design 'median_mydesign_46', cell 'C94' does not drive any nets. (LINT-1)
Warning: In design 'median_mydesign_47', cell 'B_3' does not drive any nets. (LINT-1)
Warning: In design 'median_mydesign_47', cell 'C94' does not drive any nets. (LINT-1)
Warning: In design 'median_mydesign_48', cell 'B_3' does not drive any nets. (LINT-1)
Warning: In design 'median_mydesign_48', cell 'C94' does not drive any nets. (LINT-1)
Warning: In design 'median_mydesign_49', cell 'B_3' does not drive any nets. (LINT-1)
Warning: In design 'median_mydesign_49', cell 'C94' does not drive any nets. (LINT-1)
Warning: In design 'median_mydesign_50', cell 'B_3' does not drive any nets. (LINT-1)
Warning: In design 'median_mydesign_50', cell 'C94' does not drive any nets. (LINT-1)
Warning: In design 'median_mydesign_51', cell 'B_3' does not drive any nets. (LINT-1)
Warning: In design 'median_mydesign_51', cell 'C94' does not drive any nets. (LINT-1)
Warning: In design 'median_mydesign_52', cell 'B_3' does not drive any nets. (LINT-1)
Warning: In design 'median_mydesign_52', cell 'C94' does not drive any nets. (LINT-1)
Warning: In design 'median_mydesign_53', cell 'B_3' does not drive any nets. (LINT-1)
Warning: In design 'median_mydesign_53', cell 'C94' does not drive any nets. (LINT-1)
Warning: In design 'median_mydesign_54', cell 'B_3' does not drive any nets. (LINT-1)
Warning: In design 'median_mydesign_54', cell 'C94' does not drive any nets. (LINT-1)
Warning: In design 'median_mydesign_55', cell 'B_3' does not drive any nets. (LINT-1)
Warning: In design 'median_mydesign_55', cell 'C94' does not drive any nets. (LINT-1)
Warning: In design 'median_mydesign_56', cell 'B_3' does not drive any nets. (LINT-1)
Warning: In design 'median_mydesign_56', cell 'C94' does not drive any nets. (LINT-1)
Warning: In design 'median_mydesign_57', cell 'B_3' does not drive any nets. (LINT-1)
Warning: In design 'median_mydesign_57', cell 'C94' does not drive any nets. (LINT-1)
Warning: In design 'median_mydesign_58', cell 'B_3' does not drive any nets. (LINT-1)
Warning: In design 'median_mydesign_58', cell 'C94' does not drive any nets. (LINT-1)
Warning: In design 'median_mydesign_59', cell 'B_3' does not drive any nets. (LINT-1)
Warning: In design 'median_mydesign_59', cell 'C94' does not drive any nets. (LINT-1)
Warning: In design 'median_mydesign_60', cell 'B_3' does not drive any nets. (LINT-1)
Warning: In design 'median_mydesign_60', cell 'C94' does not drive any nets. (LINT-1)
Warning: In design 'median_mydesign_61', cell 'B_3' does not drive any nets. (LINT-1)
Warning: In design 'median_mydesign_61', cell 'C94' does not drive any nets. (LINT-1)
Warning: In design 'median_mydesign_62', cell 'B_3' does not drive any nets. (LINT-1)
Warning: In design 'median_mydesign_62', cell 'C94' does not drive any nets. (LINT-1)
Warning: In design 'median_mydesign_63', cell 'B_3' does not drive any nets. (LINT-1)
Warning: In design 'median_mydesign_63', cell 'C94' does not drive any nets. (LINT-1)
Warning: In design 'median_mydesign_64', cell 'B_3' does not drive any nets. (LINT-1)
Warning: In design 'median_mydesign_64', cell 'C94' does not drive any nets. (LINT-1)
Warning: In design 'median_mydesign_65', cell 'B_3' does not drive any nets. (LINT-1)
Warning: In design 'median_mydesign_65', cell 'C94' does not drive any nets. (LINT-1)
Warning: In design 'median_mydesign_66', cell 'B_3' does not drive any nets. (LINT-1)
Warning: In design 'median_mydesign_66', cell 'C94' does not drive any nets. (LINT-1)
Warning: In design 'median_mydesign_67', cell 'B_3' does not drive any nets. (LINT-1)
Warning: In design 'median_mydesign_67', cell 'C94' does not drive any nets. (LINT-1)
Warning: In design 'median_mydesign_68', cell 'B_3' does not drive any nets. (LINT-1)
Warning: In design 'median_mydesign_68', cell 'C94' does not drive any nets. (LINT-1)
Warning: In design 'median_mydesign_69', cell 'B_3' does not drive any nets. (LINT-1)
Warning: In design 'median_mydesign_69', cell 'C94' does not drive any nets. (LINT-1)
Warning: In design 'median_mydesign_70', cell 'B_3' does not drive any nets. (LINT-1)
Warning: In design 'median_mydesign_70', cell 'C94' does not drive any nets. (LINT-1)
Warning: In design 'median_mydesign_71', cell 'B_3' does not drive any nets. (LINT-1)
Warning: In design 'median_mydesign_71', cell 'C94' does not drive any nets. (LINT-1)
Warning: In design 'median_mydesign_72', cell 'B_3' does not drive any nets. (LINT-1)
Warning: In design 'median_mydesign_72', cell 'C94' does not drive any nets. (LINT-1)
Warning: In design 'median_mydesign_73', cell 'B_3' does not drive any nets. (LINT-1)
Warning: In design 'median_mydesign_73', cell 'C94' does not drive any nets. (LINT-1)
Warning: In design 'median_mydesign_74', cell 'B_3' does not drive any nets. (LINT-1)
Warning: In design 'median_mydesign_74', cell 'C94' does not drive any nets. (LINT-1)
Warning: In design 'median_mydesign_75', cell 'B_3' does not drive any nets. (LINT-1)
Warning: In design 'median_mydesign_75', cell 'C94' does not drive any nets. (LINT-1)
Warning: In design 'median_mydesign_76', cell 'B_3' does not drive any nets. (LINT-1)
Warning: In design 'median_mydesign_76', cell 'C94' does not drive any nets. (LINT-1)
Warning: In design 'median_mydesign_77', cell 'B_3' does not drive any nets. (LINT-1)
Warning: In design 'median_mydesign_77', cell 'C94' does not drive any nets. (LINT-1)
Warning: In design 'median_mydesign_78', cell 'B_3' does not drive any nets. (LINT-1)
Warning: In design 'median_mydesign_78', cell 'C94' does not drive any nets. (LINT-1)
Warning: In design 'median_mydesign_79', cell 'B_3' does not drive any nets. (LINT-1)
Warning: In design 'median_mydesign_79', cell 'C94' does not drive any nets. (LINT-1)
Warning: In design 'median_mydesign_80', cell 'B_3' does not drive any nets. (LINT-1)
Warning: In design 'median_mydesign_80', cell 'C94' does not drive any nets. (LINT-1)
Warning: In design 'median_mydesign_81', cell 'B_3' does not drive any nets. (LINT-1)
Warning: In design 'median_mydesign_81', cell 'C94' does not drive any nets. (LINT-1)
Warning: In design 'median_mydesign_82', cell 'B_3' does not drive any nets. (LINT-1)
Warning: In design 'median_mydesign_82', cell 'C94' does not drive any nets. (LINT-1)
Warning: In design 'median_mydesign_83', cell 'B_3' does not drive any nets. (LINT-1)
Warning: In design 'median_mydesign_83', cell 'C94' does not drive any nets. (LINT-1)
Warning: In design 'median_mydesign_84', cell 'B_3' does not drive any nets. (LINT-1)
Warning: In design 'median_mydesign_84', cell 'C94' does not drive any nets. (LINT-1)
Warning: In design 'median_mydesign_85', cell 'B_3' does not drive any nets. (LINT-1)
Warning: In design 'median_mydesign_85', cell 'C94' does not drive any nets. (LINT-1)
Warning: In design 'median_mydesign_86', cell 'B_3' does not drive any nets. (LINT-1)
Warning: In design 'median_mydesign_86', cell 'C94' does not drive any nets. (LINT-1)
Warning: In design 'median_mydesign_87', cell 'B_3' does not drive any nets. (LINT-1)
Warning: In design 'median_mydesign_87', cell 'C94' does not drive any nets. (LINT-1)
Warning: In design 'median_mydesign_88', cell 'B_3' does not drive any nets. (LINT-1)
Warning: In design 'median_mydesign_88', cell 'C94' does not drive any nets. (LINT-1)
Warning: In design 'median_mydesign_89', cell 'B_3' does not drive any nets. (LINT-1)
Warning: In design 'median_mydesign_89', cell 'C94' does not drive any nets. (LINT-1)
Warning: In design 'median_mydesign_90', cell 'B_3' does not drive any nets. (LINT-1)
Warning: In design 'median_mydesign_90', cell 'C94' does not drive any nets. (LINT-1)
Warning: In design 'median_mydesign_91', cell 'B_3' does not drive any nets. (LINT-1)
Warning: In design 'median_mydesign_91', cell 'C94' does not drive any nets. (LINT-1)
Warning: In design 'median_mydesign_92', cell 'B_3' does not drive any nets. (LINT-1)
Warning: In design 'median_mydesign_92', cell 'C94' does not drive any nets. (LINT-1)
Warning: In design 'median_mydesign_93', cell 'B_3' does not drive any nets. (LINT-1)
Warning: In design 'median_mydesign_93', cell 'C94' does not drive any nets. (LINT-1)
Warning: In design 'median_mydesign_94', cell 'B_3' does not drive any nets. (LINT-1)
Warning: In design 'median_mydesign_94', cell 'C94' does not drive any nets. (LINT-1)
1
