 
****************************************
Report : timing
        -path full
        -delay min
        -max_paths 4
Design : top
Version: R-2020.09-SP5
Date   : Sat Jan 15 02:46:52 2022
****************************************

 # A fanout number of 1000 was used for high fanout net computations.

Operating Conditions: ss0p95v125c   Library: saed32hvt_ss0p95v125c
Wire Load Model Mode: enclosed

  Startpoint: U1/sum_y_reg_0__1__0_
              (rising edge-triggered flip-flop clocked by clk)
  Endpoint: U1/square_y_reg_0__1__0_
            (rising edge-triggered flip-flop clocked by clk)
  Path Group: clk
  Path Type: min

  Des/Clust/Port     Wire Load Model       Library
  ------------------------------------------------
  top                540000                saed32hvt_ss0p95v125c
  HOG_BITWIDTH8      280000                saed32hvt_ss0p95v125c

  Point                                                   Incr       Path
  --------------------------------------------------------------------------
  clock clk (rise edge)                                   0.00       0.00
  clock network delay (ideal)                             0.00       0.00
  U1/sum_y_reg_0__1__0_/CLK (DFFSSRX1_HVT)                0.00 #     0.00 r
  U1/sum_y_reg_0__1__0_/QN (DFFSSRX1_HVT)                 0.14       0.14 r
  U1/U1879/Y (INVX0_HVT)                                  0.05       0.20 f
  U1/square_y_reg_0__1__0_/D (DFFSSRX1_HVT)               0.00       0.20 f
  data arrival time                                                  0.20

  clock clk (rise edge)                                   0.00       0.00
  clock network delay (ideal)                             0.00       0.00
  U1/square_y_reg_0__1__0_/CLK (DFFSSRX1_HVT)             0.00       0.00 r
  library hold time                                      -0.06      -0.06
  data required time                                                -0.06
  --------------------------------------------------------------------------
  data required time                                                -0.06
  data arrival time                                                 -0.20
  --------------------------------------------------------------------------
  slack (MET)                                                        0.25


  Startpoint: U1/sum_y_reg_8__0__0_
              (rising edge-triggered flip-flop clocked by clk)
  Endpoint: U1/square_y_reg_8__0__0_
            (rising edge-triggered flip-flop clocked by clk)
  Path Group: clk
  Path Type: min

  Des/Clust/Port     Wire Load Model       Library
  ------------------------------------------------
  top                540000                saed32hvt_ss0p95v125c
  HOG_BITWIDTH8      280000                saed32hvt_ss0p95v125c

  Point                                                   Incr       Path
  --------------------------------------------------------------------------
  clock clk (rise edge)                                   0.00       0.00
  clock network delay (ideal)                             0.00       0.00
  U1/sum_y_reg_8__0__0_/CLK (DFFSSRX1_HVT)                0.00 #     0.00 r
  U1/sum_y_reg_8__0__0_/QN (DFFSSRX1_HVT)                 0.14       0.14 r
  U1/U1978/Y (INVX0_HVT)                                  0.06       0.20 f
  U1/square_y_reg_8__0__0_/D (DFFSSRX1_HVT)               0.00       0.20 f
  data arrival time                                                  0.20

  clock clk (rise edge)                                   0.00       0.00
  clock network delay (ideal)                             0.00       0.00
  U1/square_y_reg_8__0__0_/CLK (DFFSSRX1_HVT)             0.00       0.00 r
  library hold time                                      -0.06      -0.06
  data required time                                                -0.06
  --------------------------------------------------------------------------
  data required time                                                -0.06
  data arrival time                                                 -0.20
  --------------------------------------------------------------------------
  slack (MET)                                                        0.26


  Startpoint: U1/sum_y_reg_0__2__0_
              (rising edge-triggered flip-flop clocked by clk)
  Endpoint: U1/square_y_reg_0__2__0_
            (rising edge-triggered flip-flop clocked by clk)
  Path Group: clk
  Path Type: min

  Des/Clust/Port     Wire Load Model       Library
  ------------------------------------------------
  top                540000                saed32hvt_ss0p95v125c
  HOG_BITWIDTH8      280000                saed32hvt_ss0p95v125c

  Point                                                   Incr       Path
  --------------------------------------------------------------------------
  clock clk (rise edge)                                   0.00       0.00
  clock network delay (ideal)                             0.00       0.00
  U1/sum_y_reg_0__2__0_/CLK (DFFSSRX1_HVT)                0.00 #     0.00 r
  U1/sum_y_reg_0__2__0_/QN (DFFSSRX1_HVT)                 0.14       0.14 r
  U1/U1993/Y (INVX0_HVT)                                  0.06       0.20 f
  U1/square_y_reg_0__2__0_/D (DFFSSRX1_HVT)               0.00       0.20 f
  data arrival time                                                  0.20

  clock clk (rise edge)                                   0.00       0.00
  clock network delay (ideal)                             0.00       0.00
  U1/square_y_reg_0__2__0_/CLK (DFFSSRX1_HVT)             0.00       0.00 r
  library hold time                                      -0.06      -0.06
  data required time                                                -0.06
  --------------------------------------------------------------------------
  data required time                                                -0.06
  data arrival time                                                 -0.20
  --------------------------------------------------------------------------
  slack (MET)                                                        0.26


  Startpoint: U1/sum_y_reg_2__0__0_
              (rising edge-triggered flip-flop clocked by clk)
  Endpoint: U1/square_y_reg_2__0__0_
            (rising edge-triggered flip-flop clocked by clk)
  Path Group: clk
  Path Type: min

  Des/Clust/Port     Wire Load Model       Library
  ------------------------------------------------
  top                540000                saed32hvt_ss0p95v125c
  HOG_BITWIDTH8      280000                saed32hvt_ss0p95v125c

  Point                                                   Incr       Path
  --------------------------------------------------------------------------
  clock clk (rise edge)                                   0.00       0.00
  clock network delay (ideal)                             0.00       0.00
  U1/sum_y_reg_2__0__0_/CLK (DFFSSRX1_HVT)                0.00 #     0.00 r
  U1/sum_y_reg_2__0__0_/QN (DFFSSRX1_HVT)                 0.14       0.14 r
  U1/U3158/Y (INVX0_HVT)                                  0.06       0.21 f
  U1/square_y_reg_2__0__0_/D (DFFSSRX1_HVT)               0.00       0.21 f
  data arrival time                                                  0.21

  clock clk (rise edge)                                   0.00       0.00
  clock network delay (ideal)                             0.00       0.00
  U1/square_y_reg_2__0__0_/CLK (DFFSSRX1_HVT)             0.00       0.00 r
  library hold time                                      -0.06      -0.06
  data required time                                                -0.06
  --------------------------------------------------------------------------
  data required time                                                -0.06
  data arrival time                                                 -0.21
  --------------------------------------------------------------------------
  slack (MET)                                                        0.27


1
